<?xml version="1.0" encoding="UTF-8"?>
<!-- Generated by org.testng.reporters.JUnitReportReporter -->
<testsuite skipped="0" hostname="LAPTOP-G3MDKHV7" name="Academy2.HomeTest" tests="2" failures="0" timestamp="02 May 2020 04:21:26 GMT" time="13.437" errors="0">
  <testcase name="test1" time="9.341" classname="Academy2.HomeTest"/>
  <testcase name="test1" time="4.096" classname="Academy2.HomeTest"/>
</testsuite> <!-- Academy2.HomeTest -->
